CRITICAL - 2022-06-23 01:58:19 --> Session: Configured save path "null" is not writable by the PHP process.
#0 C:\xampp\htdocs\lab11_ci\ci4\system\Session\Handlers\FileHandler.php(102): CodeIgniter\Session\Exceptions\SessionException::forWriteProtectedSavePath('null')
#1 [internal function]: CodeIgniter\Session\Handlers\FileHandler->open('null', 'ci_session')
#2 C:\xampp\htdocs\lab11_ci\ci4\system\Session\Session.php(894): session_start()
#3 C:\xampp\htdocs\lab11_ci\ci4\system\Session\Session.php(238): CodeIgniter\Session\Session->startSession()
#4 C:\xampp\htdocs\lab11_ci\ci4\system\Config\Services.php(577): CodeIgniter\Session\Session->start()
#5 C:\xampp\htdocs\lab11_ci\ci4\system\Config\BaseService.php(248): CodeIgniter\Config\Services::session(Object(Config\App), false)
#6 C:\xampp\htdocs\lab11_ci\ci4\system\Config\BaseService.php(189): CodeIgniter\Config\BaseService::__callStatic('session', Array)
#7 C:\xampp\htdocs\lab11_ci\ci4\system\Config\Services.php(563): CodeIgniter\Config\BaseService::getSharedInstance('session', NULL)
#8 C:\xampp\htdocs\lab11_ci\ci4\system\Config\BaseService.php(248): CodeIgniter\Config\Services::session()
#9 C:\xampp\htdocs\lab11_ci\ci4\system\Common.php(901): CodeIgniter\Config\BaseService::__callStatic('session', Array)
#10 C:\xampp\htdocs\lab11_ci\ci4\app\Filters\Auth.php(12): session()
#11 C:\xampp\htdocs\lab11_ci\ci4\system\Filters\Filters.php(173): App\Filters\Auth->before(Object(CodeIgniter\HTTP\IncomingRequest), NULL)
#12 C:\xampp\htdocs\lab11_ci\ci4\system\CodeIgniter.php(393): CodeIgniter\Filters\Filters->run('admin/artikel', 'before')
#13 C:\xampp\htdocs\lab11_ci\ci4\system\CodeIgniter.php(326): CodeIgniter\CodeIgniter->handleRequest(NULL, Object(Config\Cache), false)
#14 C:\xampp\htdocs\lab11_ci\ci4\public\index.php(37): CodeIgniter\CodeIgniter->run()
#15 C:\xampp\htdocs\lab11_ci\ci4\system\Commands\Server\rewrite.php(43): require_once('C:\\xampp\\htdocs...')
#16 {main}
CRITICAL - 2022-06-23 01:58:21 --> Session: Configured save path "null" is not writable by the PHP process.
#0 C:\xampp\htdocs\lab11_ci\ci4\system\Session\Handlers\FileHandler.php(102): CodeIgniter\Session\Exceptions\SessionException::forWriteProtectedSavePath('null')
#1 [internal function]: CodeIgniter\Session\Handlers\FileHandler->open('null', 'ci_session')
#2 C:\xampp\htdocs\lab11_ci\ci4\system\Session\Session.php(894): session_start()
#3 C:\xampp\htdocs\lab11_ci\ci4\system\Session\Session.php(238): CodeIgniter\Session\Session->startSession()
#4 C:\xampp\htdocs\lab11_ci\ci4\system\Config\Services.php(577): CodeIgniter\Session\Session->start()
#5 C:\xampp\htdocs\lab11_ci\ci4\system\Config\BaseService.php(248): CodeIgniter\Config\Services::session(Object(Config\App), false)
#6 C:\xampp\htdocs\lab11_ci\ci4\system\Config\BaseService.php(189): CodeIgniter\Config\BaseService::__callStatic('session', Array)
#7 C:\xampp\htdocs\lab11_ci\ci4\system\Config\Services.php(563): CodeIgniter\Config\BaseService::getSharedInstance('session', NULL)
#8 C:\xampp\htdocs\lab11_ci\ci4\system\Config\BaseService.php(248): CodeIgniter\Config\Services::session()
#9 C:\xampp\htdocs\lab11_ci\ci4\system\Common.php(901): CodeIgniter\Config\BaseService::__callStatic('session', Array)
#10 C:\xampp\htdocs\lab11_ci\ci4\app\Filters\Auth.php(12): session()
#11 C:\xampp\htdocs\lab11_ci\ci4\system\Filters\Filters.php(173): App\Filters\Auth->before(Object(CodeIgniter\HTTP\IncomingRequest), NULL)
#12 C:\xampp\htdocs\lab11_ci\ci4\system\CodeIgniter.php(393): CodeIgniter\Filters\Filters->run('admin/artikel', 'before')
#13 C:\xampp\htdocs\lab11_ci\ci4\system\CodeIgniter.php(326): CodeIgniter\CodeIgniter->handleRequest(NULL, Object(Config\Cache), false)
#14 C:\xampp\htdocs\lab11_ci\ci4\public\index.php(37): CodeIgniter\CodeIgniter->run()
#15 C:\xampp\htdocs\lab11_ci\ci4\system\Commands\Server\rewrite.php(43): require_once('C:\\xampp\\htdocs...')
#16 {main}
CRITICAL - 2022-06-23 01:58:22 --> Session: Configured save path "null" is not writable by the PHP process.
#0 C:\xampp\htdocs\lab11_ci\ci4\system\Session\Handlers\FileHandler.php(102): CodeIgniter\Session\Exceptions\SessionException::forWriteProtectedSavePath('null')
#1 [internal function]: CodeIgniter\Session\Handlers\FileHandler->open('null', 'ci_session')
#2 C:\xampp\htdocs\lab11_ci\ci4\system\Session\Session.php(894): session_start()
#3 C:\xampp\htdocs\lab11_ci\ci4\system\Session\Session.php(238): CodeIgniter\Session\Session->startSession()
#4 C:\xampp\htdocs\lab11_ci\ci4\system\Config\Services.php(577): CodeIgniter\Session\Session->start()
#5 C:\xampp\htdocs\lab11_ci\ci4\system\Config\BaseService.php(248): CodeIgniter\Config\Services::session(Object(Config\App), false)
#6 C:\xampp\htdocs\lab11_ci\ci4\system\Config\BaseService.php(189): CodeIgniter\Config\BaseService::__callStatic('session', Array)
#7 C:\xampp\htdocs\lab11_ci\ci4\system\Config\Services.php(563): CodeIgniter\Config\BaseService::getSharedInstance('session', NULL)
#8 C:\xampp\htdocs\lab11_ci\ci4\system\Config\BaseService.php(248): CodeIgniter\Config\Services::session()
#9 C:\xampp\htdocs\lab11_ci\ci4\system\Common.php(901): CodeIgniter\Config\BaseService::__callStatic('session', Array)
#10 C:\xampp\htdocs\lab11_ci\ci4\app\Filters\Auth.php(12): session()
#11 C:\xampp\htdocs\lab11_ci\ci4\system\Filters\Filters.php(173): App\Filters\Auth->before(Object(CodeIgniter\HTTP\IncomingRequest), NULL)
#12 C:\xampp\htdocs\lab11_ci\ci4\system\CodeIgniter.php(393): CodeIgniter\Filters\Filters->run('admin/artikel', 'before')
#13 C:\xampp\htdocs\lab11_ci\ci4\system\CodeIgniter.php(326): CodeIgniter\CodeIgniter->handleRequest(NULL, Object(Config\Cache), false)
#14 C:\xampp\htdocs\lab11_ci\ci4\public\index.php(37): CodeIgniter\CodeIgniter->run()
#15 C:\xampp\htdocs\lab11_ci\ci4\system\Commands\Server\rewrite.php(43): require_once('C:\\xampp\\htdocs...')
#16 {main}
