CRITICAL - 2022-06-22 01:50:40 --> Session: Configured save path "null" is not writable by the PHP process.
#0 C:\xampp\htdocs\lab11_ci\ci4\system\Session\Handlers\FileHandler.php(102): CodeIgniter\Session\Exceptions\SessionException::forWriteProtectedSavePath('null')
#1 [internal function]: CodeIgniter\Session\Handlers\FileHandler->open('null', 'ci_session')
#2 C:\xampp\htdocs\lab11_ci\ci4\system\Session\Session.php(894): session_start()
#3 C:\xampp\htdocs\lab11_ci\ci4\system\Session\Session.php(238): CodeIgniter\Session\Session->startSession()
#4 C:\xampp\htdocs\lab11_ci\ci4\system\Config\Services.php(577): CodeIgniter\Session\Session->start()
#5 C:\xampp\htdocs\lab11_ci\ci4\system\Config\BaseService.php(248): CodeIgniter\Config\Services::session(Object(Config\App), false)
#6 C:\xampp\htdocs\lab11_ci\ci4\system\Config\BaseService.php(189): CodeIgniter\Config\BaseService::__callStatic('session', Array)
#7 C:\xampp\htdocs\lab11_ci\ci4\system\Config\Services.php(563): CodeIgniter\Config\BaseService::getSharedInstance('session', NULL)
#8 C:\xampp\htdocs\lab11_ci\ci4\system\Config\BaseService.php(248): CodeIgniter\Config\Services::session()
#9 C:\xampp\htdocs\lab11_ci\ci4\system\Common.php(901): CodeIgniter\Config\BaseService::__callStatic('session', Array)
#10 C:\xampp\htdocs\lab11_ci\ci4\app\Filters\Auth.php(12): session()
#11 C:\xampp\htdocs\lab11_ci\ci4\system\Filters\Filters.php(173): App\Filters\Auth->before(Object(CodeIgniter\HTTP\IncomingRequest), NULL)
#12 C:\xampp\htdocs\lab11_ci\ci4\system\CodeIgniter.php(393): CodeIgniter\Filters\Filters->run('admin/artikel', 'before')
#13 C:\xampp\htdocs\lab11_ci\ci4\system\CodeIgniter.php(326): CodeIgniter\CodeIgniter->handleRequest(NULL, Object(Config\Cache), false)
#14 C:\xampp\htdocs\lab11_ci\ci4\public\index.php(37): CodeIgniter\CodeIgniter->run()
#15 C:\xampp\htdocs\lab11_ci\ci4\system\Commands\Server\rewrite.php(43): require_once('C:\\xampp\\htdocs...')
#16 {main}
CRITICAL - 2022-06-22 01:51:11 --> Session: Configured save path "null" is not writable by the PHP process.
#0 C:\xampp\htdocs\lab11_ci\ci4\system\Session\Handlers\FileHandler.php(102): CodeIgniter\Session\Exceptions\SessionException::forWriteProtectedSavePath('null')
#1 [internal function]: CodeIgniter\Session\Handlers\FileHandler->open('null', 'ci_session')
#2 C:\xampp\htdocs\lab11_ci\ci4\system\Session\Session.php(894): session_start()
#3 C:\xampp\htdocs\lab11_ci\ci4\system\Session\Session.php(238): CodeIgniter\Session\Session->startSession()
#4 C:\xampp\htdocs\lab11_ci\ci4\system\Config\Services.php(577): CodeIgniter\Session\Session->start()
#5 C:\xampp\htdocs\lab11_ci\ci4\system\Config\BaseService.php(248): CodeIgniter\Config\Services::session(Object(Config\App), false)
#6 C:\xampp\htdocs\lab11_ci\ci4\system\Config\BaseService.php(189): CodeIgniter\Config\BaseService::__callStatic('session', Array)
#7 C:\xampp\htdocs\lab11_ci\ci4\system\Config\Services.php(563): CodeIgniter\Config\BaseService::getSharedInstance('session', NULL)
#8 C:\xampp\htdocs\lab11_ci\ci4\system\Config\BaseService.php(248): CodeIgniter\Config\Services::session()
#9 C:\xampp\htdocs\lab11_ci\ci4\system\Common.php(901): CodeIgniter\Config\BaseService::__callStatic('session', Array)
#10 C:\xampp\htdocs\lab11_ci\ci4\app\Filters\Auth.php(12): session()
#11 C:\xampp\htdocs\lab11_ci\ci4\system\Filters\Filters.php(173): App\Filters\Auth->before(Object(CodeIgniter\HTTP\IncomingRequest), NULL)
#12 C:\xampp\htdocs\lab11_ci\ci4\system\CodeIgniter.php(393): CodeIgniter\Filters\Filters->run('admin/artikel', 'before')
#13 C:\xampp\htdocs\lab11_ci\ci4\system\CodeIgniter.php(326): CodeIgniter\CodeIgniter->handleRequest(NULL, Object(Config\Cache), false)
#14 C:\xampp\htdocs\lab11_ci\ci4\public\index.php(37): CodeIgniter\CodeIgniter->run()
#15 C:\xampp\htdocs\lab11_ci\ci4\system\Commands\Server\rewrite.php(43): require_once('C:\\xampp\\htdocs...')
#16 {main}
CRITICAL - 2022-06-22 01:51:15 --> Session: Configured save path "null" is not writable by the PHP process.
#0 C:\xampp\htdocs\lab11_ci\ci4\system\Session\Handlers\FileHandler.php(102): CodeIgniter\Session\Exceptions\SessionException::forWriteProtectedSavePath('null')
#1 [internal function]: CodeIgniter\Session\Handlers\FileHandler->open('null', 'ci_session')
#2 C:\xampp\htdocs\lab11_ci\ci4\system\Session\Session.php(894): session_start()
#3 C:\xampp\htdocs\lab11_ci\ci4\system\Session\Session.php(238): CodeIgniter\Session\Session->startSession()
#4 C:\xampp\htdocs\lab11_ci\ci4\system\Config\Services.php(577): CodeIgniter\Session\Session->start()
#5 C:\xampp\htdocs\lab11_ci\ci4\system\Config\BaseService.php(248): CodeIgniter\Config\Services::session(Object(Config\App), false)
#6 C:\xampp\htdocs\lab11_ci\ci4\system\Config\BaseService.php(189): CodeIgniter\Config\BaseService::__callStatic('session', Array)
#7 C:\xampp\htdocs\lab11_ci\ci4\system\Config\Services.php(563): CodeIgniter\Config\BaseService::getSharedInstance('session', NULL)
#8 C:\xampp\htdocs\lab11_ci\ci4\system\Config\BaseService.php(248): CodeIgniter\Config\Services::session()
#9 C:\xampp\htdocs\lab11_ci\ci4\system\Common.php(901): CodeIgniter\Config\BaseService::__callStatic('session', Array)
#10 C:\xampp\htdocs\lab11_ci\ci4\app\Views\user\login.php(12): session()
#11 C:\xampp\htdocs\lab11_ci\ci4\system\View\View.php(210): include('C:\\xampp\\htdocs...')
#12 C:\xampp\htdocs\lab11_ci\ci4\system\View\View.php(213): CodeIgniter\View\View->CodeIgniter\View\{closure}()
#13 C:\xampp\htdocs\lab11_ci\ci4\system\Common.php(1089): CodeIgniter\View\View->render('user/login', Array, true)
#14 C:\xampp\htdocs\lab11_ci\ci4\app\Controllers\User.php(22): view('user/login')
#15 C:\xampp\htdocs\lab11_ci\ci4\system\CodeIgniter.php(832): App\Controllers\User->login()
#16 C:\xampp\htdocs\lab11_ci\ci4\system\CodeIgniter.php(419): CodeIgniter\CodeIgniter->runController(Object(App\Controllers\User))
#17 C:\xampp\htdocs\lab11_ci\ci4\system\CodeIgniter.php(326): CodeIgniter\CodeIgniter->handleRequest(NULL, Object(Config\Cache), false)
#18 C:\xampp\htdocs\lab11_ci\ci4\public\index.php(37): CodeIgniter\CodeIgniter->run()
#19 C:\xampp\htdocs\lab11_ci\ci4\system\Commands\Server\rewrite.php(43): require_once('C:\\xampp\\htdocs...')
#20 {main}
CRITICAL - 2022-06-22 01:51:18 --> Session: Configured save path "null" is not writable by the PHP process.
#0 C:\xampp\htdocs\lab11_ci\ci4\system\Session\Handlers\FileHandler.php(102): CodeIgniter\Session\Exceptions\SessionException::forWriteProtectedSavePath('null')
#1 [internal function]: CodeIgniter\Session\Handlers\FileHandler->open('null', 'ci_session')
#2 C:\xampp\htdocs\lab11_ci\ci4\system\Session\Session.php(894): session_start()
#3 C:\xampp\htdocs\lab11_ci\ci4\system\Session\Session.php(238): CodeIgniter\Session\Session->startSession()
#4 C:\xampp\htdocs\lab11_ci\ci4\system\Config\Services.php(577): CodeIgniter\Session\Session->start()
#5 C:\xampp\htdocs\lab11_ci\ci4\system\Config\BaseService.php(248): CodeIgniter\Config\Services::session(Object(Config\App), false)
#6 C:\xampp\htdocs\lab11_ci\ci4\system\Config\BaseService.php(189): CodeIgniter\Config\BaseService::__callStatic('session', Array)
#7 C:\xampp\htdocs\lab11_ci\ci4\system\Config\Services.php(563): CodeIgniter\Config\BaseService::getSharedInstance('session', NULL)
#8 C:\xampp\htdocs\lab11_ci\ci4\system\Config\BaseService.php(248): CodeIgniter\Config\Services::session()
#9 C:\xampp\htdocs\lab11_ci\ci4\system\Common.php(901): CodeIgniter\Config\BaseService::__callStatic('session', Array)
#10 C:\xampp\htdocs\lab11_ci\ci4\app\Views\user\login.php(12): session()
#11 C:\xampp\htdocs\lab11_ci\ci4\system\View\View.php(210): include('C:\\xampp\\htdocs...')
#12 C:\xampp\htdocs\lab11_ci\ci4\system\View\View.php(213): CodeIgniter\View\View->CodeIgniter\View\{closure}()
#13 C:\xampp\htdocs\lab11_ci\ci4\system\Common.php(1089): CodeIgniter\View\View->render('user/login', Array, true)
#14 C:\xampp\htdocs\lab11_ci\ci4\app\Controllers\User.php(22): view('user/login')
#15 C:\xampp\htdocs\lab11_ci\ci4\system\CodeIgniter.php(832): App\Controllers\User->login()
#16 C:\xampp\htdocs\lab11_ci\ci4\system\CodeIgniter.php(419): CodeIgniter\CodeIgniter->runController(Object(App\Controllers\User))
#17 C:\xampp\htdocs\lab11_ci\ci4\system\CodeIgniter.php(326): CodeIgniter\CodeIgniter->handleRequest(NULL, Object(Config\Cache), false)
#18 C:\xampp\htdocs\lab11_ci\ci4\public\index.php(37): CodeIgniter\CodeIgniter->run()
#19 C:\xampp\htdocs\lab11_ci\ci4\system\Commands\Server\rewrite.php(43): require_once('C:\\xampp\\htdocs...')
#20 {main}
CRITICAL - 2022-06-22 01:54:11 --> Session: Configured save path "null" is not writable by the PHP process.
#0 C:\xampp\htdocs\lab11_ci\ci4\system\Session\Handlers\FileHandler.php(102): CodeIgniter\Session\Exceptions\SessionException::forWriteProtectedSavePath('null')
#1 [internal function]: CodeIgniter\Session\Handlers\FileHandler->open('null', 'ci_session')
#2 C:\xampp\htdocs\lab11_ci\ci4\system\Session\Session.php(894): session_start()
#3 C:\xampp\htdocs\lab11_ci\ci4\system\Session\Session.php(238): CodeIgniter\Session\Session->startSession()
#4 C:\xampp\htdocs\lab11_ci\ci4\system\Config\Services.php(577): CodeIgniter\Session\Session->start()
#5 C:\xampp\htdocs\lab11_ci\ci4\system\Config\BaseService.php(248): CodeIgniter\Config\Services::session(Object(Config\App), false)
#6 C:\xampp\htdocs\lab11_ci\ci4\system\Config\BaseService.php(189): CodeIgniter\Config\BaseService::__callStatic('session', Array)
#7 C:\xampp\htdocs\lab11_ci\ci4\system\Config\Services.php(563): CodeIgniter\Config\BaseService::getSharedInstance('session', NULL)
#8 C:\xampp\htdocs\lab11_ci\ci4\system\Config\BaseService.php(248): CodeIgniter\Config\Services::session()
#9 C:\xampp\htdocs\lab11_ci\ci4\system\Common.php(901): CodeIgniter\Config\BaseService::__callStatic('session', Array)
#10 C:\xampp\htdocs\lab11_ci\ci4\app\Views\user\login.php(12): session()
#11 C:\xampp\htdocs\lab11_ci\ci4\system\View\View.php(210): include('C:\\xampp\\htdocs...')
#12 C:\xampp\htdocs\lab11_ci\ci4\system\View\View.php(213): CodeIgniter\View\View->CodeIgniter\View\{closure}()
#13 C:\xampp\htdocs\lab11_ci\ci4\system\Common.php(1089): CodeIgniter\View\View->render('user/login', Array, true)
#14 C:\xampp\htdocs\lab11_ci\ci4\app\Controllers\User.php(22): view('user/login')
#15 C:\xampp\htdocs\lab11_ci\ci4\system\CodeIgniter.php(832): App\Controllers\User->login()
#16 C:\xampp\htdocs\lab11_ci\ci4\system\CodeIgniter.php(419): CodeIgniter\CodeIgniter->runController(Object(App\Controllers\User))
#17 C:\xampp\htdocs\lab11_ci\ci4\system\CodeIgniter.php(326): CodeIgniter\CodeIgniter->handleRequest(NULL, Object(Config\Cache), false)
#18 C:\xampp\htdocs\lab11_ci\ci4\public\index.php(37): CodeIgniter\CodeIgniter->run()
#19 C:\xampp\htdocs\lab11_ci\ci4\system\Commands\Server\rewrite.php(43): require_once('C:\\xampp\\htdocs...')
#20 {main}
CRITICAL - 2022-06-22 01:54:11 --> Session: Configured save path "null" is not writable by the PHP process.
#0 C:\xampp\htdocs\lab11_ci\ci4\system\Session\Handlers\FileHandler.php(102): CodeIgniter\Session\Exceptions\SessionException::forWriteProtectedSavePath('null')
#1 [internal function]: CodeIgniter\Session\Handlers\FileHandler->open('null', 'ci_session')
#2 C:\xampp\htdocs\lab11_ci\ci4\system\Session\Session.php(894): session_start()
#3 C:\xampp\htdocs\lab11_ci\ci4\system\Session\Session.php(238): CodeIgniter\Session\Session->startSession()
#4 C:\xampp\htdocs\lab11_ci\ci4\system\Config\Services.php(577): CodeIgniter\Session\Session->start()
#5 C:\xampp\htdocs\lab11_ci\ci4\system\Config\BaseService.php(248): CodeIgniter\Config\Services::session(Object(Config\App), false)
#6 C:\xampp\htdocs\lab11_ci\ci4\system\Config\BaseService.php(189): CodeIgniter\Config\BaseService::__callStatic('session', Array)
#7 C:\xampp\htdocs\lab11_ci\ci4\system\Config\Services.php(563): CodeIgniter\Config\BaseService::getSharedInstance('session', NULL)
#8 C:\xampp\htdocs\lab11_ci\ci4\system\Config\BaseService.php(248): CodeIgniter\Config\Services::session()
#9 C:\xampp\htdocs\lab11_ci\ci4\system\Common.php(901): CodeIgniter\Config\BaseService::__callStatic('session', Array)
#10 C:\xampp\htdocs\lab11_ci\ci4\app\Views\user\login.php(12): session()
#11 C:\xampp\htdocs\lab11_ci\ci4\system\View\View.php(210): include('C:\\xampp\\htdocs...')
#12 C:\xampp\htdocs\lab11_ci\ci4\system\View\View.php(213): CodeIgniter\View\View->CodeIgniter\View\{closure}()
#13 C:\xampp\htdocs\lab11_ci\ci4\system\Common.php(1089): CodeIgniter\View\View->render('user/login', Array, true)
#14 C:\xampp\htdocs\lab11_ci\ci4\app\Controllers\User.php(22): view('user/login')
#15 C:\xampp\htdocs\lab11_ci\ci4\system\CodeIgniter.php(832): App\Controllers\User->login()
#16 C:\xampp\htdocs\lab11_ci\ci4\system\CodeIgniter.php(419): CodeIgniter\CodeIgniter->runController(Object(App\Controllers\User))
#17 C:\xampp\htdocs\lab11_ci\ci4\system\CodeIgniter.php(326): CodeIgniter\CodeIgniter->handleRequest(NULL, Object(Config\Cache), false)
#18 C:\xampp\htdocs\lab11_ci\ci4\public\index.php(37): CodeIgniter\CodeIgniter->run()
#19 C:\xampp\htdocs\lab11_ci\ci4\system\Commands\Server\rewrite.php(43): require_once('C:\\xampp\\htdocs...')
#20 {main}
CRITICAL - 2022-06-22 02:03:09 --> syntax error, unexpected token "public", expecting end of file
#0 C:\xampp\htdocs\lab11_ci\ci4\system\Autoloader\Autoloader.php(241): CodeIgniter\Autoloader\Autoloader->includeFile('C:\\xampp\\htdocs...')
#1 C:\xampp\htdocs\lab11_ci\ci4\system\Autoloader\Autoloader.php(219): CodeIgniter\Autoloader\Autoloader->loadInNamespace('App\\Controllers...')
#2 [internal function]: CodeIgniter\Autoloader\Autoloader->loadClass('App\\Controllers...')
#3 C:\xampp\htdocs\lab11_ci\ci4\system\CodeIgniter.php(797): class_exists('\\App\\Controller...', true)
#4 C:\xampp\htdocs\lab11_ci\ci4\system\CodeIgniter.php(406): CodeIgniter\CodeIgniter->startController()
#5 C:\xampp\htdocs\lab11_ci\ci4\system\CodeIgniter.php(326): CodeIgniter\CodeIgniter->handleRequest(NULL, Object(Config\Cache), false)
#6 C:\xampp\htdocs\lab11_ci\ci4\public\index.php(37): CodeIgniter\CodeIgniter->run()
#7 C:\xampp\htdocs\lab11_ci\ci4\system\Commands\Server\rewrite.php(43): require_once('C:\\xampp\\htdocs...')
#8 {main}
CRITICAL - 2022-06-22 23:44:47 --> Undefined property: App\Controllers\Artikel::$ArtikelModel
#0 C:\xampp\htdocs\lab11_ci\ci4\app\Controllers\Artikel.php(36): CodeIgniter\Debug\Exceptions->errorHandler(2, 'Undefined prope...', 'C:\\xampp\\htdocs...', 36)
#1 C:\xampp\htdocs\lab11_ci\ci4\system\CodeIgniter.php(832): App\Controllers\Artikel->admin_index()
#2 C:\xampp\htdocs\lab11_ci\ci4\system\CodeIgniter.php(419): CodeIgniter\CodeIgniter->runController(Object(App\Controllers\Artikel))
#3 C:\xampp\htdocs\lab11_ci\ci4\system\CodeIgniter.php(326): CodeIgniter\CodeIgniter->handleRequest(NULL, Object(Config\Cache), false)
#4 C:\xampp\htdocs\lab11_ci\ci4\public\index.php(37): CodeIgniter\CodeIgniter->run()
#5 C:\xampp\htdocs\lab11_ci\ci4\system\Commands\Server\rewrite.php(43): require_once('C:\\xampp\\htdocs...')
#6 {main}
CRITICAL - 2022-06-22 23:45:06 --> Undefined property: App\Controllers\Artikel::$ArtikelModel
#0 C:\xampp\htdocs\lab11_ci\ci4\app\Controllers\Artikel.php(36): CodeIgniter\Debug\Exceptions->errorHandler(2, 'Undefined prope...', 'C:\\xampp\\htdocs...', 36)
#1 C:\xampp\htdocs\lab11_ci\ci4\system\CodeIgniter.php(832): App\Controllers\Artikel->admin_index()
#2 C:\xampp\htdocs\lab11_ci\ci4\system\CodeIgniter.php(419): CodeIgniter\CodeIgniter->runController(Object(App\Controllers\Artikel))
#3 C:\xampp\htdocs\lab11_ci\ci4\system\CodeIgniter.php(326): CodeIgniter\CodeIgniter->handleRequest(NULL, Object(Config\Cache), false)
#4 C:\xampp\htdocs\lab11_ci\ci4\public\index.php(37): CodeIgniter\CodeIgniter->run()
#5 C:\xampp\htdocs\lab11_ci\ci4\system\Commands\Server\rewrite.php(43): require_once('C:\\xampp\\htdocs...')
#6 {main}
CRITICAL - 2022-06-22 23:45:08 --> Undefined property: App\Controllers\Artikel::$ArtikelModel
#0 C:\xampp\htdocs\lab11_ci\ci4\app\Controllers\Artikel.php(36): CodeIgniter\Debug\Exceptions->errorHandler(2, 'Undefined prope...', 'C:\\xampp\\htdocs...', 36)
#1 C:\xampp\htdocs\lab11_ci\ci4\system\CodeIgniter.php(832): App\Controllers\Artikel->admin_index()
#2 C:\xampp\htdocs\lab11_ci\ci4\system\CodeIgniter.php(419): CodeIgniter\CodeIgniter->runController(Object(App\Controllers\Artikel))
#3 C:\xampp\htdocs\lab11_ci\ci4\system\CodeIgniter.php(326): CodeIgniter\CodeIgniter->handleRequest(NULL, Object(Config\Cache), false)
#4 C:\xampp\htdocs\lab11_ci\ci4\public\index.php(37): CodeIgniter\CodeIgniter->run()
#5 C:\xampp\htdocs\lab11_ci\ci4\system\Commands\Server\rewrite.php(43): require_once('C:\\xampp\\htdocs...')
#6 {main}
CRITICAL - 2022-06-22 23:45:34 --> Undefined property: App\Controllers\Artikel::$ArtikelModel
#0 C:\xampp\htdocs\lab11_ci\ci4\app\Controllers\Artikel.php(36): CodeIgniter\Debug\Exceptions->errorHandler(2, 'Undefined prope...', 'C:\\xampp\\htdocs...', 36)
#1 C:\xampp\htdocs\lab11_ci\ci4\system\CodeIgniter.php(832): App\Controllers\Artikel->admin_index()
#2 C:\xampp\htdocs\lab11_ci\ci4\system\CodeIgniter.php(419): CodeIgniter\CodeIgniter->runController(Object(App\Controllers\Artikel))
#3 C:\xampp\htdocs\lab11_ci\ci4\system\CodeIgniter.php(326): CodeIgniter\CodeIgniter->handleRequest(NULL, Object(Config\Cache), false)
#4 C:\xampp\htdocs\lab11_ci\ci4\public\index.php(37): CodeIgniter\CodeIgniter->run()
#5 C:\xampp\htdocs\lab11_ci\ci4\system\Commands\Server\rewrite.php(43): require_once('C:\\xampp\\htdocs...')
#6 {main}
CRITICAL - 2022-06-22 23:45:35 --> Undefined property: App\Controllers\Artikel::$ArtikelModel
#0 C:\xampp\htdocs\lab11_ci\ci4\app\Controllers\Artikel.php(36): CodeIgniter\Debug\Exceptions->errorHandler(2, 'Undefined prope...', 'C:\\xampp\\htdocs...', 36)
#1 C:\xampp\htdocs\lab11_ci\ci4\system\CodeIgniter.php(832): App\Controllers\Artikel->admin_index()
#2 C:\xampp\htdocs\lab11_ci\ci4\system\CodeIgniter.php(419): CodeIgniter\CodeIgniter->runController(Object(App\Controllers\Artikel))
#3 C:\xampp\htdocs\lab11_ci\ci4\system\CodeIgniter.php(326): CodeIgniter\CodeIgniter->handleRequest(NULL, Object(Config\Cache), false)
#4 C:\xampp\htdocs\lab11_ci\ci4\public\index.php(37): CodeIgniter\CodeIgniter->run()
#5 C:\xampp\htdocs\lab11_ci\ci4\system\Commands\Server\rewrite.php(43): require_once('C:\\xampp\\htdocs...')
#6 {main}
CRITICAL - 2022-06-22 23:45:36 --> Undefined property: App\Controllers\Artikel::$ArtikelModel
#0 C:\xampp\htdocs\lab11_ci\ci4\app\Controllers\Artikel.php(36): CodeIgniter\Debug\Exceptions->errorHandler(2, 'Undefined prope...', 'C:\\xampp\\htdocs...', 36)
#1 C:\xampp\htdocs\lab11_ci\ci4\system\CodeIgniter.php(832): App\Controllers\Artikel->admin_index()
#2 C:\xampp\htdocs\lab11_ci\ci4\system\CodeIgniter.php(419): CodeIgniter\CodeIgniter->runController(Object(App\Controllers\Artikel))
#3 C:\xampp\htdocs\lab11_ci\ci4\system\CodeIgniter.php(326): CodeIgniter\CodeIgniter->handleRequest(NULL, Object(Config\Cache), false)
#4 C:\xampp\htdocs\lab11_ci\ci4\public\index.php(37): CodeIgniter\CodeIgniter->run()
#5 C:\xampp\htdocs\lab11_ci\ci4\system\Commands\Server\rewrite.php(43): require_once('C:\\xampp\\htdocs...')
#6 {main}
CRITICAL - 2022-06-22 23:46:41 --> Undefined property: App\Controllers\Artikel::$artikelModel
#0 C:\xampp\htdocs\lab11_ci\ci4\app\Controllers\Artikel.php(36): CodeIgniter\Debug\Exceptions->errorHandler(2, 'Undefined prope...', 'C:\\xampp\\htdocs...', 36)
#1 C:\xampp\htdocs\lab11_ci\ci4\system\CodeIgniter.php(832): App\Controllers\Artikel->admin_index()
#2 C:\xampp\htdocs\lab11_ci\ci4\system\CodeIgniter.php(419): CodeIgniter\CodeIgniter->runController(Object(App\Controllers\Artikel))
#3 C:\xampp\htdocs\lab11_ci\ci4\system\CodeIgniter.php(326): CodeIgniter\CodeIgniter->handleRequest(NULL, Object(Config\Cache), false)
#4 C:\xampp\htdocs\lab11_ci\ci4\public\index.php(37): CodeIgniter\CodeIgniter->run()
#5 C:\xampp\htdocs\lab11_ci\ci4\system\Commands\Server\rewrite.php(43): require_once('C:\\xampp\\htdocs...')
#6 {main}
